20240715	11:11:38	4613e127-da56-4e5a-acaa-d6cc49564ebd	GET	/	undefined20240715	11:14:02	a0725602-87e2-4f3b-989f-ec96890d6fca	GET	/	undefined20240715	11:15:14	98bb2ea1-24eb-4ac5-a793-fecabc0ae2ff	GET	/	undefined
20240715	11:15:14	949eae31-4659-48a9-abba-4c4aa48ac2c9	GET	/	undefined
20240715	11:15:15	4b7531eb-b9a9-4325-96df-b06f7f86b57d	GET	/	undefined
20240720	15:09:31	d0656f2a-8761-4c7b-98c8-bb8624f02ac0	GET	/	undefined
20240720	15:43:58	9cffd921-63f6-4811-8900-3afbbe719a23	GET	/goku.png	undefined
20240720	15:43:58	a7342edb-b5cd-40f5-85ae-5608bbedb59e	GET	/favicon.ico	undefined
20240720	15:57:42	7d922b88-b61e-4ff8-8832-c9a95db30dad	GET	/	undefined
20240720	16:03:08	f2fc1009-35d3-4e6e-af84-6f9c6c2f5638	GET	/	undefined
20240720	16:03:29	45137fa3-da9d-465b-b8a3-437f43d54e2e	GET	/lidhjalkshda	undefined
20240720	16:03:39	1fe900bd-06b6-481a-8075-f5d48771c818	GET	/	undefined
20240720	16:07:21	70295550-5a47-4c96-be81-6ff8ec86a62e	GET	/66/	undefined
20240721	11:26:52	d57a29b9-93e3-4a29-b221-60dbd37206b9	GET	/exam	undefined
20240721	11:27:18	d2194fe0-af66-4c10-87e2-1859962cde75	GET	/exam/1	undefined
20240721	11:30:10	95989063-f4aa-471a-9750-78d02aec650d	GET	/exam/1	undefined
20240721	11:31:12	9bed4ad4-96a5-42cb-b1f2-2f0396276457	GET	/exam	undefined
20240721	11:34:27	45485b31-7a94-4de4-87d2-a817e921821b	POST	/exam	undefined
20240721	11:36:31	a6d040fb-1f48-4103-b83f-a968d470040a	POST	/exam	undefined
20240721	11:39:13	93fe52d7-ab56-4e86-8c39-2df08b6a587d	GET	/exam	undefined
20240721	11:39:35	8ec0836d-e60f-4191-82a4-3aa1823a199b	GET	/exam/669c823fb1eb54c2f77fed99	undefined
20240721	11:39:45	f5f4983d-3e17-428e-9f1d-b9406e846016	GET	/exam/669c823fb1eb54c2f77fed99	undefined
20240721	11:40:04	df8e7453-335d-4939-8778-092b30cec866	GET	/exam	undefined
20240721	11:41:13	89a06cf8-fa39-4d6c-a477-060cdbc980a2	PUT	/exam/669c823fb1eb54c2f77fed99	undefined
20240721	11:41:31	bd61b098-25b6-447c-8f66-ab6489187621	PUT	/exam/669c823fb1eb54c2f77fed99	undefined
20240721	11:43:16	6cd000e4-d58c-42db-9eb5-7e5f2a47564f	DELETE	/exam/669c823fb1eb54c2f77fed99	undefined
20240721	11:43:32	2b7ea0e3-407b-4bab-b0df-8ed8d44c81cb	GET	/exam/	undefined
20240803	15:48:06	daddbccb-ba1d-46b7-8213-395955ecb9a8	GET	/auth/login	undefined
20240803	15:48:07	bb673dfc-9fae-4965-a84d-9350c67522d2	GET	/favicon.ico	undefined
20240803	15:48:15	7f8164f0-9c84-4afc-a28c-87cb5014b455	GET	/	undefined
20240803	15:48:15	003bd07b-856a-4d29-bd4f-1108aa6c5b42	GET	/favicon.ico	undefined
20240804	09:51:56	4d56888a-9c9e-4b1b-987b-9a9c20a39190	POST	/auth/register	undefined
20240804	09:55:13	45ae26be-6255-4fb2-80a7-78ba917d3538	POST	/auth/login	undefined
20240804	09:57:26	cbd0e4e2-753e-48d7-8475-9a96e8595a33	POST	/auth/register	undefined
20240804	09:57:44	e762b732-80e7-4316-94d5-f633412264b3	POST	/auth/login	undefined
20240804	09:58:18	1a93a7a4-b340-42f6-88e6-99cfaa3a564b	POST	/auth/check	undefined
20240804	09:59:04	18bd697c-7d53-49aa-9ee0-1606b0ce53ec	POST	/auth/login	undefined
20240804	09:59:22	b13224cf-da1f-4a18-b2ca-9f11d7a8e70b	POST	/auth/check	undefined
20240804	10:03:11	5c562c8c-851b-4f37-adec-88ff9f718e3d	OPTIONS	/auth/check	http://localhost:5173
20240804	10:03:11	51b3b312-ef93-4e64-a69e-a37ff34c4c41	POST	/auth/check	http://localhost:5173
20240804	11:01:16	b5d30262-e279-45dd-9b06-5db820f0e657	OPTIONS	/auth/login	http://localhost:5173
20240804	11:01:16	11aa88eb-e136-481b-9728-2f0cf237c7b1	POST	/auth/login	http://localhost:5173
20240804	11:01:23	a2f5f40f-f411-4c89-847f-36ff48625022	OPTIONS	/auth/login	http://localhost:5173
20240804	11:01:23	862e4a2f-4eb5-4066-bb3d-a3d0edd78db5	POST	/auth/login	http://localhost:5173
20240804	11:03:43	6e75b43b-0be5-47c2-ab46-d95e27c97ebf	OPTIONS	/auth/login	http://localhost:5173
20240804	11:03:43	33cf9c99-cb82-4c2c-b1ce-0ac0294be454	POST	/auth/login	http://localhost:5173
20240804	11:03:51	43d53501-ea7e-488d-bbbc-917886518b14	OPTIONS	/auth/login	http://localhost:5173
20240804	11:03:51	90ccd726-29c9-4e54-b810-8788e0973855	POST	/auth/login	http://localhost:5173
20240804	11:08:19	e2dc7367-692b-468b-8d9b-5cb735bb3256	OPTIONS	/auth/login	http://localhost:5173
20240804	11:08:19	8575a3d4-404e-4bf8-aeba-702b7db4e9a6	POST	/auth/login	http://localhost:5173
20240804	11:08:25	65c2db43-62fd-4396-b189-60865a7be6fa	OPTIONS	/auth/login	http://localhost:5173
20240804	11:08:25	8e0ba375-f187-466f-9334-6c0faa2c2b0f	POST	/auth/login	http://localhost:5173
20240810	15:50:53	4b76b7df-6626-4f36-be0f-e46261e5d949	OPTIONS	/auth/login	http://localhost:5173
20240810	15:50:53	da115e76-21d4-4f81-92d4-86868036a916	POST	/auth/login	http://localhost:5173
20240810	15:51:17	c862bd4c-93c9-41fc-8b7f-ca53ec0873ea	OPTIONS	/auth/login	http://localhost:5173
20240810	15:51:17	f0e5aa78-1ddd-4e0b-aa84-ed3cbabb4f1f	POST	/auth/login	http://localhost:5173
20240810	15:56:22	fcb08204-fd99-49bb-8d8b-142238e4d198	OPTIONS	/auth/login	http://localhost:5173
20240810	15:56:22	376d4362-6d49-498d-a5a7-4e749255f1d2	POST	/auth/login	http://localhost:5173
20240810	15:56:26	b82cc843-a441-4f39-9409-c9bd695fe7ea	OPTIONS	/auth/login	http://localhost:5173
20240810	15:56:26	27072446-08b3-4287-8d96-45028b3b7e1d	POST	/auth/login	http://localhost:5173
20240810	15:57:17	8ce8ebed-2465-443a-804b-737d1d48f845	OPTIONS	/auth/check	http://localhost:5173
20240810	15:57:17	7f177a33-0e4d-428a-921d-5d5c0e647cb8	POST	/auth/check	http://localhost:5173
20240810	15:58:41	381cb9ed-b0e6-4827-85ce-2ea2ff3b9425	OPTIONS	/auth/check	http://localhost:5173
20240810	15:58:41	d0758669-882b-4c23-8037-34da20649a73	POST	/auth/check	http://localhost:5173
20240810	15:59:12	3aee32dd-c6c9-463b-a03b-f4ac9e2ba948	OPTIONS	/auth/login	http://localhost:5173
20240810	15:59:12	ba8acace-21ef-42bc-a5dc-1e6d3e438c1d	POST	/auth/login	http://localhost:5173
20240810	15:59:13	a6101bf1-df5e-42d6-8bf8-b62734d0be51	OPTIONS	/auth/check	http://localhost:5173
20240810	15:59:13	0ed0fd0e-90b8-405a-9716-04a66f7bcbd6	POST	/auth/check	http://localhost:5173
20240810	16:01:32	7b8b2f6b-84dd-4ffe-8f21-88e9a693b8fe	OPTIONS	/auth/check	http://localhost:5173
20240810	16:01:32	646caedb-4708-4e7c-9d63-d54842443489	POST	/auth/check	http://localhost:5173
20240810	16:25:55	060c14e3-864a-4a72-8a42-29c7a062dde5	OPTIONS	/auth/register	http://localhost:5173
20240810	16:25:55	5b9cd214-819e-47d9-b4e8-5e0ed92be54e	POST	/auth/register	http://localhost:5173
20240810	16:26:49	21f38441-ec39-4a71-90af-d8bcc149e151	OPTIONS	/auth/register	http://localhost:5173
20240810	16:26:49	bb189084-1e73-4d51-9f9a-3fd04d35a17a	POST	/auth/register	http://localhost:5173
20240810	16:27:02	7a86b41d-bc56-4e7d-ad00-50f1fbb8fc29	OPTIONS	/auth/register	http://localhost:5173
20240810	16:27:02	390afbe8-d8e2-49c8-b3e0-1a413d8672ee	POST	/auth/register	http://localhost:5173
20240810	16:30:49	502e47c5-9891-44ad-9e90-419b45403984	OPTIONS	/auth/login	http://localhost:5173
20240810	16:30:49	824ad7a9-aa44-4ee6-a6f6-dbe2502159aa	POST	/auth/login	http://localhost:5173
20240810	16:30:49	8029a492-797a-4174-98a2-1e71b66018f4	OPTIONS	/auth/check	http://localhost:5173
20240810	16:30:49	09dd734f-e573-4f08-bb72-3a73a95fecaa	POST	/auth/check	http://localhost:5173
20240810	16:33:22	d8fffdda-7aa5-429e-8052-ecc8a3676749	OPTIONS	/auth/check	http://localhost:5173
20240810	16:33:22	6e423b41-27a8-46cf-b242-883dd1165e51	POST	/auth/check	http://localhost:5173
20240810	16:33:31	4ec9ab52-6567-45d7-87e5-31cb75ad6ce9	OPTIONS	/auth/check	http://localhost:5173
20240810	16:33:31	f4d4cedc-e0a2-4fb8-9b94-610a73da82a0	POST	/auth/check	http://localhost:5173
20240811	09:36:20	14f3311c-48c7-498a-ad8f-115456bfa4ee	OPTIONS	/auth/check	http://localhost:5173
20240811	09:36:20	9acc4153-7a0a-4da5-a7fa-eaf487652d96	POST	/auth/check	http://localhost:5173
20240811	09:36:29	cc86675d-99d3-40d9-88bc-d8b06c294a14	OPTIONS	/auth/login	http://localhost:5173
20240811	09:36:29	e73b2ce8-9e80-41d4-8368-8bae7630d9a0	POST	/auth/login	http://localhost:5173
20240811	09:36:30	330000b5-979b-443f-9391-2b17aaa32557	OPTIONS	/auth/check	http://localhost:5173
20240811	09:36:30	ea1a3213-6351-49cd-879f-cc684d9ffe60	POST	/auth/check	http://localhost:5173
20240811	09:36:33	ecdc9e60-a8c8-40f6-9ada-25cf76f3aea9	POST	/auth/check	http://localhost:5173
20240811	09:36:34	8da23aea-a9d9-4e59-9bd6-b6fecbbf6470	POST	/auth/check	http://localhost:5173
20240811	09:36:34	5d33befb-d818-48f8-88c1-4df1f7211fdf	POST	/auth/check	http://localhost:5173
20240811	09:36:34	679fa0a4-d6f2-41c6-bdd7-bab11a8cb1c9	POST	/auth/check	http://localhost:5173
20240811	09:36:34	9ea6d790-ddf2-4d68-b080-a75502e73a7c	POST	/auth/check	http://localhost:5173
20240811	09:36:35	46696a58-74d6-4bc3-8971-9a74a16caa01	OPTIONS	/auth/check	http://localhost:5173
20240811	09:36:35	9b9f9fc1-f6d8-4a55-8a60-f10f79c97c19	POST	/auth/check	http://localhost:5173
20240811	09:36:35	56153152-c5c5-4ee5-99ec-5b84fec518c4	POST	/auth/check	http://localhost:5173
20240811	09:46:46	72fd86b6-3b13-47d9-9274-b73a0b6949f2	OPTIONS	/auth/check	http://localhost:5173
20240811	09:46:46	c3cad82b-2a58-4b24-8188-4ad8ee7458b6	POST	/auth/check	http://localhost:5173
20240811	09:47:20	b8330904-7790-42b8-bcd3-05198e8929c4	OPTIONS	/auth/check	http://localhost:5173
20240811	09:47:20	c04774f2-db26-44af-adf0-031c677b491d	POST	/auth/check	http://localhost:5173
20240811	09:47:54	51194af9-8758-4546-9d9d-44d52ec91cfb	OPTIONS	/auth/check	http://localhost:5173
20240811	09:47:54	3bcdac4f-f208-4bdc-9f05-06c9c42c4921	POST	/auth/check	http://localhost:5173
20240811	09:48:17	8b2d06b0-2aba-45b9-8ca0-b83a705f663c	OPTIONS	/auth/login	http://localhost:5173
20240811	09:48:17	2293c684-4290-4c1d-8894-8a54832b17ac	POST	/auth/login	http://localhost:5173
20240811	09:48:17	5e41b8b9-1ae5-4beb-bf26-80d9409510df	OPTIONS	/auth/check	http://localhost:5173
20240811	09:48:17	5c1db192-8f64-413a-bd13-72e8353c8220	POST	/auth/check	http://localhost:5173
20240811	09:50:32	4ca10e41-a1e0-465c-bb62-c327a3331777	OPTIONS	/auth/check	http://localhost:5173
20240811	09:50:32	bffa7ccd-4261-4ef7-99e4-dbbda4e0fbe5	POST	/auth/check	http://localhost:5173
20240811	09:53:19	15e3c7fb-44f5-47db-9309-025802255ef8	OPTIONS	/auth/login	http://localhost:5173
20240811	09:53:19	20a68fba-3b08-4bfb-a937-a844a2197ec5	POST	/auth/login	http://localhost:5173
20240811	09:53:19	d1246bb3-dd94-4075-9636-a3b0ff60e90e	OPTIONS	/auth/check	http://localhost:5173
20240811	09:53:19	fdbd753f-338a-495c-9b95-d52429691009	POST	/auth/check	http://localhost:5173
20240811	09:53:32	d0f76e13-47cf-449b-8e04-ccf50863aeb1	OPTIONS	/auth/login	http://localhost:5173
20240811	09:53:32	a0446f38-3560-4a97-9c76-6a1f7e5aaa69	POST	/auth/login	http://localhost:5173
20240811	09:53:32	2f6db1b0-eb0d-45fc-91c6-65918dcbaa35	OPTIONS	/auth/check	http://localhost:5173
20240811	09:53:32	54babaf4-b708-4226-b7b3-fadb6d51f4e6	POST	/auth/check	http://localhost:5173
20240811	09:53:39	06b1dc36-e2b9-4a0d-8e51-65e0233aa7bf	OPTIONS	/auth/login	http://localhost:5173
20240811	09:53:39	e8c1d860-494c-4937-89fa-aee0b6a60918	POST	/auth/login	http://localhost:5173
20240811	09:53:39	e126ed31-c8a9-4a69-91ed-c37871e15a04	OPTIONS	/auth/check	http://localhost:5173
20240811	09:53:39	90b7c0d0-6e93-4c44-86fc-2903d3c57363	POST	/auth/check	http://localhost:5173
20240811	09:54:40	c921a05c-2d38-491c-8b33-0b958028a8c2	OPTIONS	/auth/login	http://localhost:5173
20240811	09:54:40	bcd26b57-b23a-4415-8b08-f4a890c548a2	POST	/auth/login	http://localhost:5173
20240811	09:54:40	6e30e7f8-a612-4bfc-ab91-06129334c8dc	OPTIONS	/auth/check	http://localhost:5173
20240811	09:54:40	9ef9580f-c3a6-45d3-a68a-dee2723cadde	POST	/auth/check	http://localhost:5173
20240811	10:09:25	a7335443-f718-44e6-8503-8712115e1ae9	OPTIONS	/auth/check	http://localhost:5173
20240811	10:09:25	707ff62d-533b-4fab-844c-b4a43f5a76a8	POST	/auth/check	http://localhost:5173
20240811	10:14:08	967afc41-4b64-47be-828d-305d580f9e56	OPTIONS	/auth/check	http://localhost:5173
20240811	10:14:08	c48833a1-480f-4dbd-8309-e12415a31697	POST	/auth/check	http://localhost:5173
20240811	10:15:12	71152530-228d-48c4-b899-fa76df71d91b	OPTIONS	/auth/check	http://localhost:5173
20240811	10:15:12	a9d05864-1f9c-49d0-9e8e-7125e0b4e22e	POST	/auth/check	http://localhost:5173
20240811	10:15:42	92e7f90c-dd50-411a-84d4-c70e723d275d	OPTIONS	/auth/check	http://localhost:5173
20240811	10:15:42	8832553a-5254-4767-9019-ab8043bf33e1	POST	/auth/check	http://localhost:5173
20240811	10:15:46	ebbc1e3b-e400-406c-b39e-36ffe01c5373	OPTIONS	/auth/check	http://localhost:5173
20240811	10:15:46	92055774-9c2b-4643-aaaf-d5dd341027c5	POST	/auth/check	http://localhost:5173
20240811	10:15:50	2d152510-456a-441f-b858-beb46f669505	OPTIONS	/auth/check	http://localhost:5173
20240811	10:15:50	1b602f23-c0a0-470f-b5de-16961b76345b	POST	/auth/check	http://localhost:5173
20240811	10:16:45	3c29b96b-fb37-4f01-8c46-c6f64de322aa	OPTIONS	/auth/check	http://localhost:5173
20240811	10:16:45	e9fd1ddb-e60f-4745-bb7c-5679583cdd5f	POST	/auth/check	http://localhost:5173
20240811	10:23:18	a46543c2-baf4-4d3e-be3f-7f3adc59613b	OPTIONS	/auth/check	http://localhost:5173
20240811	10:23:18	b1bb55aa-2e75-4d4d-9f52-efee33e5ec94	POST	/auth/check	http://localhost:5173
20240811	10:25:20	6d8cedee-dd11-45b6-bfa4-93a7355836ca	OPTIONS	/auth/check	http://localhost:5173
20240811	10:25:20	c8e915e9-8ba3-4af6-bad4-962a8f3e26fb	POST	/auth/check	http://localhost:5173
20240811	10:26:45	8e59d699-feba-4a3a-a8fc-7fc0a5b73f59	OPTIONS	/auth/check	http://localhost:5173
20240811	10:26:45	ef6b89bd-3c70-4d3a-b07e-f4f9dd137256	POST	/auth/check	http://localhost:5173
20240811	10:27:12	6887cfb1-9a46-4684-a2fb-7483f29c5c03	OPTIONS	/auth/check	http://localhost:5173
20240811	10:27:12	fa0c321e-d73b-486c-8fd8-73a4524ddeb2	POST	/auth/check	http://localhost:5173
20240811	10:28:59	711ecf28-114f-46fa-9318-7a597860df83	OPTIONS	/auth/check	http://localhost:5173
20240811	10:28:59	e3eed426-96e2-4b8d-bbe4-00fc8c080067	POST	/auth/check	http://localhost:5173
20240811	10:29:04	847a40e1-01ea-4771-87fe-3ab032b7d024	OPTIONS	/auth/check	http://localhost:5173
20240811	10:29:04	c5e209fb-68ec-464d-b16a-4cfdacf00186	POST	/auth/check	http://localhost:5173
20240811	10:29:13	12c70136-b672-494c-8448-d8696aadf2db	OPTIONS	/auth/check	http://localhost:5173
20240811	10:29:13	03beb18f-334c-4fd4-8eca-738d0f969db8	POST	/auth/check	http://localhost:5173
20240811	10:29:16	e8fbc11b-b169-4376-9b82-41b6e6be3f3b	OPTIONS	/auth/check	http://localhost:5173
20240811	10:29:16	2e59a84b-a566-4419-ac4b-b16dae8f0afc	POST	/auth/check	http://localhost:5173
20240811	10:29:30	8e21c42a-b2cf-489a-b55f-8fcbb820b261	OPTIONS	/auth/check	http://localhost:5173
20240811	10:29:30	0def3054-fd66-4da7-a275-5c95ab60fafd	POST	/auth/check	http://localhost:5173
20240811	10:30:17	c7accf47-fa10-4286-bbe7-80e512d3e414	OPTIONS	/auth/check	http://localhost:5173
20240811	10:30:17	a6a122c2-70ca-41ef-a50a-335c81bab4a2	POST	/auth/check	http://localhost:5173
20240811	10:31:49	650c267d-3133-4441-8034-324fee223a77	OPTIONS	/auth/check	http://localhost:5173
20240811	10:31:49	38d5a0b0-2fd6-4074-a852-3b90201fe1e2	POST	/auth/check	http://localhost:5173
20240811	10:34:23	9c8ff064-4b18-40cd-bea6-433440fdf3ad	OPTIONS	/auth/check	http://localhost:5173
20240811	10:34:23	a4b76faf-8526-4f8f-8da4-51045ff92853	POST	/auth/check	http://localhost:5173
20240811	10:35:36	67b2429a-6ad5-4c9f-9dd2-01d7940c684e	OPTIONS	/auth/check	http://localhost:5173
20240811	10:35:36	d5c86ecf-0658-480f-9035-e6088cda2b95	POST	/auth/check	http://localhost:5173
20240811	10:35:51	d2801ffa-062d-48d1-8072-63148c474efd	OPTIONS	/auth/login	http://localhost:5173
20240811	10:35:51	094d4feb-e9c3-4f55-8754-7c38f3b593ed	POST	/auth/login	http://localhost:5173
20240811	10:35:51	fd2677e3-f23f-4faf-a0ba-9a96d679c430	OPTIONS	/auth/check	http://localhost:5173
20240811	10:35:51	d2f0a0b3-39c8-45ef-8a2f-e7b38c236097	POST	/auth/check	http://localhost:5173
20240811	10:46:14	4e7ca473-967e-412c-b06d-8163daf004c9	OPTIONS	/auth/check	http://localhost:5173
20240811	10:46:14	08c694a0-e648-4666-a0c0-90048cb3df10	POST	/auth/check	http://localhost:5173
20240811	10:47:29	48f845ec-d426-4b6e-b809-09c5d74261ec	OPTIONS	/auth/check	http://localhost:5173
20240811	10:47:29	a49727be-0349-4a39-8ff2-fdd4d80f3be7	POST	/auth/check	http://localhost:5173
20240811	10:47:30	3217a064-5b64-40ca-805b-ef274d93d5e1	OPTIONS	/auth/check	http://localhost:5173
20240811	10:47:30	71f6da0e-74c4-442b-93be-67aead3d015f	POST	/auth/check	http://localhost:5173
20240811	10:47:30	5a7c49fd-3e48-4b70-b4e5-7648ef724ecd	OPTIONS	/auth/check	http://localhost:5173
20240811	10:47:30	cd67ff1b-62bf-4eb6-82db-e14e5663b4b5	POST	/auth/check	http://localhost:5173
20240811	10:47:31	3f0a18dd-3216-4aca-8b23-bdcc175bf43a	OPTIONS	/auth/check	http://localhost:5173
20240811	10:47:31	ff487490-5055-490c-82a0-e4b93cbc9724	POST	/auth/check	http://localhost:5173
20240811	10:47:31	d5af62d1-7db7-4a5a-ac4a-0c92f5709f09	OPTIONS	/auth/check	http://localhost:5173
20240811	10:47:31	00ae6fb9-67a8-487d-8766-21c7330642b3	POST	/auth/check	http://localhost:5173
20240811	10:47:31	52c32d46-1297-4ace-8f17-14e5f33ca727	OPTIONS	/auth/check	http://localhost:5173
20240811	10:47:31	453c408b-ec33-4f95-b2c1-3aed4bde0091	POST	/auth/check	http://localhost:5173
20240811	10:47:31	ea94723c-973c-43ce-ad36-54f6f0107676	OPTIONS	/auth/check	http://localhost:5173
20240811	10:47:31	0fc6cd77-3677-47f8-b6a0-135d81261f09	POST	/auth/check	http://localhost:5173
20240811	10:47:31	7cf036a4-768a-4708-baa8-1340be372bd6	OPTIONS	/auth/check	http://localhost:5173
20240811	10:47:31	92765ce1-78a0-43f4-9ac2-2892d86cbe16	POST	/auth/check	http://localhost:5173
20240811	10:47:32	31b1f0fb-5963-4378-bed2-3e85345e5057	OPTIONS	/auth/check	http://localhost:5173
20240811	10:47:32	bcf366e4-bcb4-4d19-bf3f-7cb98a86ea5d	POST	/auth/check	http://localhost:5173
20240811	10:47:32	f94342a8-ea61-48ca-ae11-fb903c02ca62	OPTIONS	/auth/check	http://localhost:5173
20240811	10:47:32	fbd7cf74-dd5b-47ca-a283-131ed1040db4	POST	/auth/check	http://localhost:5173
20240811	10:47:32	a5e19967-c6f5-4301-bc16-2dbb9080126e	OPTIONS	/auth/check	http://localhost:5173
20240811	10:47:32	83285a57-a7b3-4dd0-9b99-b68581e20a93	POST	/auth/check	http://localhost:5173
20240811	10:47:32	8615c64a-1805-4df4-8368-b439d092890a	OPTIONS	/auth/check	http://localhost:5173
20240811	10:47:32	c34b4902-8ccd-416d-8c8c-d29cd1284b9e	POST	/auth/check	http://localhost:5173
20240811	10:47:32	2f52da38-41be-4883-a08f-a47037874b48	OPTIONS	/auth/check	http://localhost:5173
20240811	10:47:32	75921a14-de24-4c17-adee-52b2ecda6d42	POST	/auth/check	http://localhost:5173
20240811	10:47:32	8d543929-92ad-4334-b579-15f366091e02	OPTIONS	/auth/check	http://localhost:5173
20240811	10:47:32	b823a01a-eed3-495e-8628-8b1182003e31	POST	/auth/check	http://localhost:5173
20240811	10:51:01	da515f1d-2a0d-4a3b-a2bb-09adddc38a5f	OPTIONS	/auth/login	http://localhost:5173
20240811	10:51:01	4bd91fb5-3db6-4130-82a0-da2f8b590a93	POST	/auth/login	http://localhost:5173
20240811	10:51:02	c78ea62d-f3c3-4d74-840d-e19b4eb9cf1c	OPTIONS	/auth/check	http://localhost:5173
20240811	10:51:02	1fb0b814-c357-4ce2-9c59-e682b415c78e	POST	/auth/check	http://localhost:5173
20240811	10:54:09	4f2e35a8-a2c9-4cde-a019-712140c7e0ab	OPTIONS	/auth/check	http://localhost:5173
20240811	10:54:09	0f813869-009b-4a23-9e31-67da8e734c08	POST	/auth/check	http://localhost:5173
20240811	10:57:38	a9392af1-6927-481b-a636-32467ac97d9e	OPTIONS	/auth/check	http://localhost:5173
20240811	10:57:38	54dcf0d2-8a72-42f8-bed8-981447cc4982	POST	/auth/check	http://localhost:5173
20240811	11:03:22	c22d7958-2d5e-467b-8abe-0f20c75ab373	OPTIONS	/auth/check	http://localhost:5173
20240811	11:03:22	d91a861f-55d1-431d-9fed-4b35accb6d12	POST	/auth/check	http://localhost:5173
20240811	11:03:22	69e07217-e607-49be-a985-c05c04f51bbd	OPTIONS	/exam	http://localhost:5173
20240811	11:03:22	9c8f9ec0-eb99-4040-9109-28f5fab7f567	GET	/exam	http://localhost:5173
20240811	11:04:03	feb59919-839e-498e-9626-87da34b6c654	OPTIONS	/auth/check	http://localhost:5173
20240811	11:04:03	c9b1f113-7544-47d5-b0c4-acc847191e64	POST	/auth/check	http://localhost:5173
20240811	11:04:03	f23cca0e-b347-4227-9557-651054f8d8ea	OPTIONS	/exam	http://localhost:5173
20240811	11:04:03	85153b56-f4a5-4995-9b97-a01c9b763099	GET	/exam	http://localhost:5173
20240811	11:04:14	db66a088-5e07-4d6d-8d7e-8f78605e75f5	OPTIONS	/auth/check	http://localhost:5173
20240811	11:04:14	a7ba32a4-eb8b-4abc-a84d-473a919c96eb	POST	/auth/check	http://localhost:5173
20240811	11:04:14	7904dfa5-7c8e-4228-aae1-6681c42e291d	OPTIONS	/exam	http://localhost:5173
20240811	11:04:14	94a75a65-4a07-41ca-824c-2efdf2f27777	GET	/exam	http://localhost:5173
20240811	11:05:29	fba621c6-27dd-49d6-809b-379d934a957c	OPTIONS	/auth/check	http://localhost:5173
20240811	11:05:29	3014ce9b-21ab-43ec-a24d-502c8b638009	POST	/auth/check	http://localhost:5173
20240811	11:05:29	e5fec3db-30fa-4592-8187-80a80f0145ba	OPTIONS	/exam	http://localhost:5173
20240811	11:05:29	6a9fd543-498e-4a07-96a1-592afe40c4e2	GET	/exam	http://localhost:5173
20240811	11:08:50	5615855a-23f5-4eda-aae9-252b53692fe8	POST	/exam	undefined
20240811	11:10:43	484a18b2-e628-4e1e-ba88-801795d2e5af	POST	/exam	undefined
20240811	11:12:17	cb5721cc-b606-4d0a-baa8-c51f5e0b0033	POST	/exam	undefined
20240811	11:12:30	c322ce6e-0a35-44a3-b1e0-e81fbdead203	OPTIONS	/auth/check	http://localhost:5173
20240811	11:12:30	fad90162-a1d5-4c1d-8b96-509df54ca926	POST	/auth/check	http://localhost:5173
20240811	11:12:30	06b81f0e-30f3-4af9-8e5a-e13b41b86709	OPTIONS	/exam	http://localhost:5173
20240811	11:12:30	7612979a-27b7-4ac5-a736-a873fa44d131	GET	/exam	http://localhost:5173
20240811	11:38:10	e2e95536-412e-41f2-a0ca-e7fb5eeabe3a	GET	/exam	undefined
20240811	11:38:18	a5e18e85-6dc6-400f-b15a-069178f72626	GET	/exam	undefined
20240811	11:39:23	4414cafb-13fd-41dc-ad15-e57b963534fb	GET	/exam	undefined
20240811	11:39:28	6da2218d-c4b1-4106-8c67-ae8368582420	GET	/exam	undefined
20240811	11:40:46	1e06fea8-cc72-4f0d-808e-4fa277a53be7	GET	/exam	undefined
20240811	11:41:43	66857178-5b02-4b60-96ce-bf51dfdf7fba	OPTIONS	/auth/check	http://localhost:5173
20240811	11:41:43	633bcde0-f6a3-4863-a3a3-a7b543943c3d	POST	/auth/check	http://localhost:5173
20240811	11:41:43	948cd94e-add8-4a1b-9717-63dae12d3395	OPTIONS	/exam	http://localhost:5173
20240811	11:41:43	1c0ac60d-9176-4824-a9f2-14ac97eb915c	GET	/exam	http://localhost:5173
20240811	11:43:17	f180ad26-c984-4f47-a0eb-b09ebfccb80d	OPTIONS	/auth/check	http://localhost:5173
20240811	11:43:17	485e1376-2e92-400a-b3ce-8cf1abcb85f3	POST	/auth/check	http://localhost:5173
20240811	11:43:17	9c841152-9883-477b-ba9d-c2bdac6017bb	OPTIONS	/exam	http://localhost:5173
20240811	11:43:17	82b243ed-f1a3-4cc2-9b05-f6a5bd8a83fe	GET	/exam	http://localhost:5173
20240811	11:43:21	eacc9890-88d3-4653-8af7-c298e5e83080	OPTIONS	/auth/check	http://localhost:5173
20240811	11:43:21	7d4d2a48-78f7-4251-9a33-aa662ae52dfc	POST	/auth/check	http://localhost:5173
20240811	11:43:21	7ee4eaa5-8088-4722-bfce-fa7a820db2ff	OPTIONS	/exam	http://localhost:5173
20240811	11:43:21	b86ecd18-a0b6-4969-8d57-62f6e7b327f7	GET	/exam	http://localhost:5173
20240811	11:44:04	a1ebcaba-11e0-417b-a935-493d68ea45ae	OPTIONS	/auth/check	http://localhost:5173
20240811	11:44:04	23389c0b-5579-4587-a323-1ed37e4a19db	POST	/auth/check	http://localhost:5173
20240811	11:44:04	ab29d771-c49b-4396-a404-8ff2f51cc4ac	OPTIONS	/exam	http://localhost:5173
20240811	11:44:04	1dd751db-7df2-4d48-bf80-df6d09902ac4	GET	/exam	http://localhost:5173
20240811	11:48:29	3068c777-2744-4dde-8f49-83daf8847147	OPTIONS	/auth/check	http://localhost:5173
20240811	11:48:29	fe5e1ec2-eecf-4f41-84f8-07a773c57307	POST	/auth/check	http://localhost:5173
20240811	11:48:29	84dfd0ae-0dfc-4bc3-9413-1bd5da24b98a	OPTIONS	/exam	http://localhost:5173
20240811	11:48:29	c4cb6ec1-dab3-4625-b497-1c4c0a9d9315	GET	/exam	http://localhost:5173
20240811	11:49:51	dac016b1-c921-496a-897a-45291e532312	OPTIONS	/auth/check	http://localhost:5173
20240811	11:49:51	25e72c32-2e80-4aa6-aa70-2402b59539ba	POST	/auth/check	http://localhost:5173
20240811	11:49:51	6fc27c2b-e024-4262-9c82-f26f87ac72f4	OPTIONS	/exam	http://localhost:5173
20240811	11:49:51	b9b7a2a3-647a-4239-9745-01303b318533	GET	/exam	http://localhost:5173
20240811	11:52:37	31d2a8ed-5e72-4ee6-8766-67486e3c5b70	OPTIONS	/auth/check	http://localhost:5173
20240811	11:52:37	e1116647-5b95-4ba2-9e34-ed4ae91ac538	POST	/auth/check	http://localhost:5173
20240811	11:53:45	2c278731-54e0-4a85-a9f9-96d1cb55bf7d	OPTIONS	/auth/check	http://localhost:5173
20240811	11:53:45	a0e28225-924e-470b-a824-67d2aee15894	POST	/auth/check	http://localhost:5173
20240811	11:54:41	51e4d366-76cf-46fb-9913-ea133cbb1bb0	OPTIONS	/auth/check	http://localhost:5173
20240811	11:54:41	72892430-c6ab-403f-b91c-f9599c0150c8	POST	/auth/check	http://localhost:5173
20240811	11:55:09	7edb849b-e190-47f2-900a-545f0d8d98c9	OPTIONS	/auth/login	http://localhost:5173
20240811	11:55:09	8e00325a-bd17-40cc-8982-9bdb074b9aa8	POST	/auth/login	http://localhost:5173
20240811	11:55:09	968677ab-5b01-49da-a31d-855fa204f594	OPTIONS	/auth/check	http://localhost:5173
20240811	11:55:09	49e65aa6-c31e-47ea-b116-e2e3d08c3529	POST	/auth/check	http://localhost:5173
20240811	11:55:09	67aeb2a4-c460-4ee6-9c3f-9e1a5169bb46	OPTIONS	/exam	http://localhost:5173
20240811	11:55:09	32cf912d-659a-4284-91e3-cafb7dd42339	GET	/exam	http://localhost:5173
20240817	16:00:21	125773ea-d453-4528-9715-238967005731	OPTIONS	/auth/check	http://localhost:5173
20240817	16:00:21	3d3a460c-25f9-47d5-9a8c-14d58e9ae64e	POST	/auth/check	http://localhost:5173
20240817	16:18:15	dd934880-9cab-4161-b101-958fb8bba7d7	OPTIONS	/auth/check	http://localhost:5173
20240817	16:18:15	dbeba757-8919-416c-9a1a-7292a0e9be63	POST	/auth/check	http://localhost:5173
20240817	16:18:34	ab00f1d9-5c9b-46ec-a932-90335affb886	OPTIONS	/auth/check	http://localhost:5173
20240817	16:18:34	7cd041bc-3fca-475c-b623-512eb747430e	POST	/auth/check	http://localhost:5173
20240817	16:18:55	b45bf46d-3ac2-45de-bb3e-83db5833a827	OPTIONS	/auth/login	http://localhost:5173
20240817	16:18:56	a5df0c58-2bbc-4718-8eff-4d5e7abba83a	POST	/auth/login	http://localhost:5173
20240817	16:18:56	bdec1ee1-b87d-40a6-9dbf-5ad6b59545b1	OPTIONS	/auth/check	http://localhost:5173
20240817	16:18:56	0a416974-5e69-418b-8578-e94687b30f7b	POST	/auth/check	http://localhost:5173
20240817	16:18:56	f7f0ba08-38ac-48fc-b41b-bee51138ad65	OPTIONS	/exam	http://localhost:5173
20240817	16:18:56	7a0f06fc-51d2-4b90-9029-c91f8ee0c115	GET	/exam	http://localhost:5173
20240817	16:22:56	5a524f76-19da-4d93-aa44-ef0867f76d45	OPTIONS	/auth/check	http://localhost:5173
20240817	16:22:56	b57c49f4-df48-4ac3-a822-ae5c4846981c	POST	/auth/check	http://localhost:5173
20240817	16:22:56	608c5873-632f-4a65-98f3-f84caf38c9bb	OPTIONS	/exam	http://localhost:5173
20240817	16:22:56	ee58cfa6-85b3-48f2-8643-eb70c2aabf1b	GET	/exam	http://localhost:5173
20240817	16:24:30	30b4130b-c945-4dc2-a781-67903f9e2aad	OPTIONS	/auth/check	http://localhost:5173
20240817	16:24:30	f12fe98b-0eef-431b-baf3-c5864dc199ea	POST	/auth/check	http://localhost:5173
20240817	16:24:30	7be51aa4-e0de-4e30-82b3-497c1b12f88a	OPTIONS	/exam	http://localhost:5173
20240817	16:24:30	66d61068-c890-4214-8657-3a18c8bc9bc7	GET	/exam	http://localhost:5173
20240817	16:28:51	050b9fc2-2fd5-4fdc-ace2-2de5efd570a1	OPTIONS	/auth/check	http://localhost:5173
20240817	16:28:51	0f74ba11-e634-4762-8420-fe3a505a073b	POST	/auth/check	http://localhost:5173
20240817	16:28:51	dd4568a4-07f8-4984-b002-64b684fbd7e5	OPTIONS	/exam	http://localhost:5173
20240817	16:28:51	f8ceae27-12c6-486d-8ec2-6d6bc9c81964	GET	/exam	http://localhost:5173
20240817	16:31:51	8b311298-7ebb-4e59-ae9b-cac8b6efaeed	OPTIONS	/auth/check	http://localhost:5173
20240817	16:31:51	92a9bb9d-827e-4b5f-ac82-e6be5afc1aa1	POST	/auth/check	http://localhost:5173
20240817	16:31:51	dcbbdef2-a2b0-43e5-aa3d-ca0363c01a80	OPTIONS	/exam	http://localhost:5173
20240817	16:31:51	4f2f701a-b76a-401f-b24a-66fccea9cc99	GET	/exam	http://localhost:5173
20240817	16:33:47	87e36f0d-4e9d-4132-b3a6-5f2b99a20ba1	OPTIONS	/auth/check	http://localhost:5173
20240817	16:33:47	f8f41b74-c77b-4308-a7d6-9a956b23eaa9	POST	/auth/check	http://localhost:5173
20240817	16:33:47	b56e7e78-4844-4302-b61b-fa842c0e041e	OPTIONS	/exam	http://localhost:5173
20240817	16:33:47	9ea15543-79c0-47e6-ab3c-d074a2a2e7d6	GET	/exam	http://localhost:5173
20240817	16:33:57	139c280c-a2ce-4b25-8a1e-56e1795cf2fa	OPTIONS	/auth/check	http://localhost:5173
20240817	16:33:57	29cca4c8-d83b-4f4c-b277-9aa3a69eaad0	POST	/auth/check	http://localhost:5173
20240817	16:33:57	33741d11-e555-4683-8a9a-12e9656d8699	OPTIONS	/exam	http://localhost:5173
20240817	16:33:57	77cd17df-657a-4664-8785-366992731d78	GET	/exam	http://localhost:5173
20240817	16:36:56	58c92f19-12f1-4724-9a6b-f073d87d13e1	OPTIONS	/auth/check	http://localhost:5173
20240817	16:36:56	e8dc458f-54d3-42da-b806-974f5f341964	POST	/auth/check	http://localhost:5173
20240817	16:36:56	6f1cc803-dafc-4110-b536-72fd6d8731c5	OPTIONS	/exam	http://localhost:5173
20240817	16:36:56	5fb58b1a-4cea-4474-80c4-acbb1f059c4d	GET	/exam	http://localhost:5173
20240817	16:44:20	ccbf86fc-b055-4a62-9d16-e78a79e9ca4d	OPTIONS	/auth/check	http://localhost:5173
20240817	16:44:20	16b5c5c3-88b2-42b1-8f32-a48f74d227a7	POST	/auth/check	http://localhost:5173
20240817	16:44:20	af385aab-9ebe-4c6f-a714-463d7655d157	OPTIONS	/exam	http://localhost:5173
20240817	16:44:20	84a2bbc3-b06b-477d-9360-09f663bdd362	GET	/exam	http://localhost:5173
20240817	16:52:47	16ab8bbc-d081-4f82-b013-458ad49affa3	OPTIONS	/auth/check	http://localhost:5173
20240817	16:52:47	ea1b7d9b-ce44-4620-8bb2-6804ce5e07e5	POST	/auth/check	http://localhost:5173
20240817	16:52:47	e49f9b19-38df-4b87-a1e0-6db1742a4852	OPTIONS	/exam	http://localhost:5173
20240817	16:52:47	c8696e3f-d3ba-4e53-a7b2-12aa19db8fe1	GET	/exam	http://localhost:5173
20240817	16:52:49	0541a05a-91b1-4273-9da1-50368681f93a	OPTIONS	/auth/check	http://localhost:5173
20240817	16:52:49	10434a13-4dc3-4e70-a59d-9e061b1ba03d	POST	/auth/check	http://localhost:5173
20240817	16:52:49	526aca71-fcdd-4cff-84a7-384b086fec7d	OPTIONS	/exam	http://localhost:5173
20240817	16:52:49	4d434d85-9303-40ba-bd7f-b84f6edf8c8e	GET	/exam	http://localhost:5173
20240817	16:52:52	08d010b9-fde1-4479-8103-a4745a5ef7e1	OPTIONS	/auth/check	http://localhost:5173
20240817	16:52:52	efe5d7b9-5f96-4107-855c-749d0605e805	POST	/auth/check	http://localhost:5173
20240817	16:52:52	cbb9c595-12db-4aa0-bdbe-b14588eb4740	OPTIONS	/exam	http://localhost:5173
20240817	16:52:52	27cc3d78-6e68-46d6-988d-c2a829618bf1	GET	/exam	http://localhost:5173
20240817	16:52:54	ba9ecfab-7b12-4346-8259-ec5702961896	OPTIONS	/auth/check	http://localhost:5173
20240817	16:52:54	a120906c-418c-4506-86d8-ae063da9a564	POST	/auth/check	http://localhost:5173
20240817	16:52:54	a278a427-6ca8-4454-bba9-cfe9aba55b01	OPTIONS	/exam	http://localhost:5173
20240817	16:52:54	2b37ca54-45a8-4b5f-86ed-1aff097009be	GET	/exam	http://localhost:5173
20240817	17:00:07	2decbd83-5694-4eca-a835-09993304f68b	OPTIONS	/exam/66b82c11b30cee40dbaa6612	http://localhost:5173
20240817	17:00:07	6f7586f5-f493-4180-ba73-16eb330c9b79	GET	/exam/66b82c11b30cee40dbaa6612	http://localhost:5173
20240817	17:04:24	73a3fa22-7363-4309-bf14-2659ddebb1c9	OPTIONS	/exam/66b82c11b30cee40dbaa6612	http://localhost:5173
20240817	17:04:24	56b2773f-eed0-4a85-8a7b-da21fd23f9bf	GET	/exam/66b82c11b30cee40dbaa6612	http://localhost:5173
